[dotenv@17.2.4] injecting env (7) from .env -- tip: 📡 add observability to secrets: https://dotenvx.com/ops
[dotenv@17.2.4] injecting env (7) from .env -- tip: 📡 add observability to secrets: https://dotenvx.com/ops
Server is running on port 5000
2026-02-17T14:57:10.221Z - GET /notifications
✅ Connected to PostgreSQL
2026-02-17T14:57:26.992Z - POST /auth/login
Login attempt: { register_number: 'san@gmail.com', password: '123456' }
✅ Connected to PostgreSQL
User found: TCH672630 teacher
Password valid: false
2026-02-17T14:57:33.275Z - POST /auth/login
Login attempt: { register_number: 'san@gmail.com', password: '123456' }
User found: TCH672630 teacher
Password valid: false
2026-02-17T14:57:40.251Z - POST /auth/login
Login attempt: { register_number: 'san@gmail.com', password: '123456' }
User found: TCH672630 teacher
Password valid: false
2026-02-17T14:58:14.419Z - POST /auth/login
Login attempt: { register_number: 'san@gmail.com', password: '123456' }
✅ Connected to PostgreSQL
User found: TCH672630 teacher
Password valid: false
2026-02-17T14:58:47.096Z - POST /auth/login
Login attempt: { register_number: 'ADMIN001', password: '2000-01-01' }
✅ Connected to PostgreSQL
User found: ADMIN001 admin
Password valid: true
2026-02-17T14:58:48.210Z - GET /notifications
2026-02-17T14:58:55.252Z - GET /notifications
2026-02-17T14:58:55.254Z - GET /admin/users
✅ Connected to PostgreSQL
2026-02-17T14:58:56.087Z - GET /admin/departments
2026-02-17T14:58:56.190Z - GET /admin/courses
2026-02-17T14:59:00.858Z - GET /notifications
2026-02-17T14:59:00.861Z - GET /admin/users
2026-02-17T14:59:00.965Z - GET /admin/departments
2026-02-17T14:59:01.102Z - GET /admin/courses
2026-02-17T14:59:05.583Z - GET /teacher/classes
2026-02-17T14:59:08.188Z - GET /teacher/classes
2026-02-17T14:59:08.192Z - GET /notifications
2026-02-17T14:59:08.195Z - GET /admin/users
2026-02-17T14:59:08.343Z - GET /admin/departments
2026-02-17T14:59:08.477Z - GET /admin/courses
2026-02-17T14:59:08.903Z - GET /notifications
2026-02-17T14:59:08.906Z - GET /teacher/classes
2026-02-17T14:59:08.909Z - GET /admin/users
2026-02-17T14:59:09.212Z - GET /notifications
2026-02-17T14:59:09.215Z - GET /teacher/classes
2026-02-17T14:59:09.217Z - GET /admin/users
2026-02-17T14:59:09.358Z - GET /admin/departments
2026-02-17T14:59:09.537Z - GET /notifications
2026-02-17T14:59:09.540Z - GET /teacher/classes
2026-02-17T14:59:09.543Z - GET /admin/users
2026-02-17T14:59:09.657Z - GET /admin/departments
2026-02-17T14:59:09.807Z - GET /admin/courses
2026-02-17T14:59:10.032Z - GET /notifications
2026-02-17T14:59:10.035Z - GET /teacher/classes
2026-02-17T14:59:10.038Z - GET /admin/users
2026-02-17T14:59:10.156Z - GET /admin/departments
2026-02-17T14:59:10.294Z - GET /notifications
2026-02-17T14:59:10.296Z - GET /teacher/classes
2026-02-17T14:59:10.298Z - GET /admin/users
2026-02-17T14:59:10.412Z - GET /admin/departments
2026-02-17T14:59:10.523Z - GET /admin/courses
2026-02-17T14:59:10.825Z - GET /teacher/my-students
2026-02-17T14:59:11.751Z - GET /teacher/my-students
2026-02-17T14:59:11.755Z - GET /teacher/classes
2026-02-17T14:59:13.204Z - GET /teacher/class-strength?year=1&section=A&semester=1
2026-02-17T14:59:13.206Z - GET /teacher/subjects?semester=1
2026-02-17T14:59:15.686Z - GET /teacher/subjects?semester=1
2026-02-17T14:59:15.688Z - GET /teacher/class-strength?year=1&section=A&semester=1
2026-02-17T14:59:17.118Z - GET /teacher/classes
2026-02-17T14:59:17.120Z - GET /teacher/my-students
2026-02-17T14:59:18.459Z - GET /teacher/classes
2026-02-17T14:59:18.947Z - GET /teacher/my-students
2026-02-17T14:59:20.015Z - GET /teacher/classes
2026-02-17T14:59:20.780Z - GET /teacher/my-students
2026-02-17T14:59:24.870Z - GET /teacher/classes
2026-02-17T14:59:24.875Z - GET /teacher/my-students
2026-02-17T14:59:25.963Z - GET /notifications
✅ Connected to PostgreSQL
2026-02-17T14:59:27.919Z - GET /teacher/subjects?semester=1
2026-02-17T14:59:27.921Z - GET /teacher/class-strength?year=1&section=A&semester=1
2026-02-17T14:59:31.999Z - GET /teacher/classes
2026-02-17T14:59:54.297Z - POST /auth/login
Login attempt: { register_number: 'san@gmail.com', password: '123456' }
✅ Connected to PostgreSQL
User found: TCH672630 teacher
Password valid: false
2026-02-17T15:00:19.984Z - GET /teacher/my-students
2026-02-17T15:00:20.529Z - GET /teacher/my-students
2026-02-17T15:00:20.530Z - GET /teacher/classes
2026-02-17T15:00:21.181Z - GET /teacher/classes
2026-02-17T15:01:38.685Z - POST /auth/login
Login attempt: { register_number: 'san@gmail.com', password: '123456' }
✅ Connected to PostgreSQL
User found: TCH672630 teacher
Password valid: false
2026-02-17T15:01:45.796Z - POST /auth/login
Login attempt: { register_number: 'san@gmail.com', password: '1234567' }
User found: TCH672630 teacher
Password valid: false
2026-02-17T15:01:52.413Z - POST /auth/login
Login attempt: { register_number: 'san@gmail.com', password: '123456' }
User found: TCH672630 teacher
Password valid: false
2026-02-17T15:01:55.404Z - POST /auth/login
Login attempt: { register_number: 'san@gmail.com', password: '12345' }
User found: TCH672630 teacher
Password valid: false
2026-02-17T15:02:48.456Z - POST /auth/login
Login attempt: { register_number: 'ADMIN001', password: '2000-01-01' }
✅ Connected to PostgreSQL
User found: ADMIN001 admin
Password valid: true
2026-02-17T15:02:49.462Z - GET /notifications
2026-02-17T15:03:05.183Z - GET /notifications
2026-02-17T15:03:05.187Z - GET /admin/users
✅ Connected to PostgreSQL
✅ Connected to PostgreSQL
2026-02-17T15:03:05.907Z - GET /admin/departments
2026-02-17T15:03:06.053Z - GET /admin/courses
2026-02-17T15:03:31.977Z - GET /notifications
✅ Connected to PostgreSQL
2026-02-17T15:03:35.189Z - GET /notifications
2026-02-17T15:03:48.315Z - POST /auth/login
Login attempt: { register_number: 'rajan@gmail.com', password: '12345' }
✅ Connected to PostgreSQL
2026-02-17T15:03:58.152Z - POST /auth/login
Login attempt: { register_number: 'san@gmail.com', password: '12345' }
User found: TCH672630 teacher
Password valid: true
2026-02-17T15:03:58.455Z - GET /notifications
2026-02-17T15:04:01.980Z - GET /teacher/subjects?semester=1
2026-02-17T15:04:01.983Z - GET /teacher/class-strength?year=1&section=A&semester=1
2026-02-17T15:04:02.182Z - GET /teacher/marks/1?section=A&semester=1
✅ Connected to PostgreSQL
2026-02-17T15:04:10.974Z - GET /notifications
2026-02-17T15:04:24.787Z - POST /teacher/marks/validate-import
✅ Connected to PostgreSQL
2026-02-17T15:04:28.465Z - GET /notifications
2026-02-17T15:04:39.611Z - GET /teacher/marks/2?section=A&semester=1
✅ Connected to PostgreSQL
2026-02-17T15:04:58.468Z - GET /notifications
✅ Connected to PostgreSQL
2026-02-17T15:05:11.967Z - GET /notifications
✅ Connected to PostgreSQL
2026-02-17T15:05:28.460Z - GET /notifications
✅ Connected to PostgreSQL
2026-02-17T15:05:58.456Z - GET /notifications
✅ Connected to PostgreSQL
2026-02-17T15:06:12.970Z - GET /notifications
✅ Connected to PostgreSQL
2026-02-17T15:06:28.455Z - GET /notifications
✅ Connected to PostgreSQL
2026-02-17T15:06:58.464Z - GET /notifications
✅ Connected to PostgreSQL
2026-02-17T15:07:13.968Z - GET /notifications
✅ Connected to PostgreSQL
2026-02-17T15:07:28.455Z - GET /notifications
✅ Connected to PostgreSQL
2026-02-17T15:07:58.462Z - GET /notifications
✅ Connected to PostgreSQL
2026-02-17T15:08:14.974Z - GET /notifications
✅ Connected to PostgreSQL
2026-02-17T15:08:28.457Z - GET /notifications
✅ Connected to PostgreSQL
2026-02-17T15:08:58.467Z - GET /notifications
✅ Connected to PostgreSQL
2026-02-17T15:09:15.977Z - GET /notifications
✅ Connected to PostgreSQL
2026-02-17T15:09:28.455Z - GET /notifications
✅ Connected to PostgreSQL
2026-02-17T15:09:58.464Z - GET /notifications
✅ Connected to PostgreSQL
2026-02-17T15:10:16.965Z - GET /notifications
✅ Connected to PostgreSQL
2026-02-17T15:10:28.455Z - GET /notifications
✅ Connected to PostgreSQL
2026-02-17T15:10:58.466Z - GET /notifications
✅ Connected to PostgreSQL
2026-02-17T15:11:17.968Z - GET /notifications
✅ Connected to PostgreSQL
2026-02-17T15:11:28.455Z - GET /notifications
2026-02-17T15:11:58.454Z - GET /notifications
✅ Connected to PostgreSQL
2026-02-17T15:12:18.968Z - GET /notifications
✅ Connected to PostgreSQL
2026-02-17T15:12:28.460Z - GET /notifications
2026-02-17T15:12:58.466Z - GET /notifications
✅ Connected to PostgreSQL
2026-02-17T15:13:19.975Z - GET /notifications
✅ Connected to PostgreSQL
2026-02-17T15:13:28.457Z - GET /notifications
2026-02-17T15:13:58.454Z - GET /notifications
✅ Connected to PostgreSQL
2026-02-17T15:14:20.969Z - GET /notifications
✅ Connected to PostgreSQL
2026-02-17T15:14:28.461Z - GET /notifications
2026-02-17T15:14:58.463Z - GET /notifications
✅ Connected to PostgreSQL
2026-02-17T15:15:21.973Z - GET /notifications
✅ Connected to PostgreSQL
2026-02-17T15:15:28.459Z - GET /notifications
2026-02-17T15:15:58.457Z - GET /notifications
✅ Connected to PostgreSQL
2026-02-17T15:16:22.967Z - GET /notifications
✅ Connected to PostgreSQL
2026-02-17T15:16:28.465Z - GET /notifications
2026-02-17T15:16:58.458Z - GET /notifications
✅ Connected to PostgreSQL
2026-02-17T15:17:23.969Z - GET /notifications
✅ Connected to PostgreSQL
2026-02-17T15:17:28.452Z - GET /notifications
2026-02-17T15:17:58.466Z - GET /notifications
✅ Connected to PostgreSQL
2026-02-17T15:18:24.970Z - GET /notifications
✅ Connected to PostgreSQL
2026-02-17T15:18:28.456Z - GET /notifications
2026-02-17T15:18:58.455Z - GET /notifications
✅ Connected to PostgreSQL
2026-02-17T15:19:25.968Z - GET /notifications
✅ Connected to PostgreSQL
2026-02-17T15:19:28.459Z - GET /notifications
2026-02-17T15:19:58.467Z - GET /notifications
✅ Connected to PostgreSQL
2026-02-17T15:20:26.965Z - GET /notifications
✅ Connected to PostgreSQL
2026-02-17T15:20:28.460Z - GET /notifications
2026-02-17T15:20:58.457Z - GET /notifications
✅ Connected to PostgreSQL
2026-02-17T15:21:27.968Z - GET /notifications
✅ Connected to PostgreSQL
2026-02-17T15:21:28.805Z - GET /notifications
2026-02-17T15:21:58.468Z - GET /notifications
✅ Connected to PostgreSQL
2026-02-17T15:22:28.458Z - GET /notifications
✅ Connected to PostgreSQL
2026-02-17T15:22:29.251Z - GET /notifications
2026-02-17T15:22:58.462Z - GET /notifications
✅ Connected to PostgreSQL
2026-02-17T15:23:28.461Z - GET /notifications
✅ Connected to PostgreSQL
2026-02-17T15:23:29.968Z - GET /notifications
2026-02-17T15:23:58.461Z - GET /notifications
✅ Connected to PostgreSQL
2026-02-17T15:24:28.459Z - GET /notifications
✅ Connected to PostgreSQL
2026-02-17T15:24:30.964Z - GET /notifications
2026-02-17T15:24:58.461Z - GET /notifications
✅ Connected to PostgreSQL
2026-02-17T15:25:28.457Z - GET /notifications
✅ Connected to PostgreSQL
2026-02-17T15:25:31.974Z - GET /notifications
2026-02-17T15:25:58.459Z - GET /notifications
✅ Connected to PostgreSQL
2026-02-17T15:26:28.452Z - GET /notifications
✅ Connected to PostgreSQL
2026-02-17T15:26:31.970Z - GET /notifications
2026-02-17T15:26:58.448Z - GET /notifications
✅ Connected to PostgreSQL
2026-02-17T15:27:28.463Z - GET /notifications
✅ Connected to PostgreSQL
2026-02-17T15:27:31.959Z - GET /notifications
2026-02-17T15:27:58.459Z - GET /notifications
✅ Connected to PostgreSQL
2026-02-17T15:28:28.460Z - GET /notifications
✅ Connected to PostgreSQL
2026-02-17T15:28:31.961Z - GET /notifications
2026-02-17T15:28:58.459Z - GET /notifications
✅ Connected to PostgreSQL
2026-02-17T15:29:28.456Z - GET /notifications
✅ Connected to PostgreSQL
2026-02-17T15:29:31.969Z - GET /notifications
2026-02-17T15:29:58.466Z - GET /notifications
✅ Connected to PostgreSQL
2026-02-17T15:30:28.453Z - GET /notifications
✅ Connected to PostgreSQL
2026-02-17T15:30:31.967Z - GET /notifications
2026-02-17T15:30:58.458Z - GET /notifications
✅ Connected to PostgreSQL
2026-02-17T15:31:28.456Z - GET /notifications
✅ Connected to PostgreSQL
2026-02-17T15:31:31.968Z - GET /notifications
2026-02-17T15:31:58.456Z - GET /notifications
✅ Connected to PostgreSQL
2026-02-17T15:32:28.466Z - GET /notifications
✅ Connected to PostgreSQL
2026-02-17T15:32:31.964Z - GET /notifications
2026-02-17T15:32:58.462Z - GET /notifications
✅ Connected to PostgreSQL
2026-02-17T15:33:28.463Z - GET /notifications
✅ Connected to PostgreSQL
2026-02-17T15:33:31.970Z - GET /notifications
2026-02-17T15:33:58.464Z - GET /notifications
✅ Connected to PostgreSQL
2026-02-17T15:34:28.463Z - GET /notifications
✅ Connected to PostgreSQL
2026-02-17T15:34:31.968Z - GET /notifications
2026-02-17T15:34:58.465Z - GET /notifications
✅ Connected to PostgreSQL
2026-02-17T15:35:28.470Z - GET /notifications
✅ Connected to PostgreSQL
2026-02-17T15:35:31.977Z - GET /notifications
2026-02-17T15:35:58.468Z - GET /notifications
✅ Connected to PostgreSQL
2026-02-17T15:36:28.453Z - GET /notifications
✅ Connected to PostgreSQL
2026-02-17T15:36:31.970Z - GET /notifications
2026-02-17T15:36:58.460Z - GET /notifications
✅ Connected to PostgreSQL
2026-02-17T15:37:28.466Z - GET /notifications
✅ Connected to PostgreSQL
2026-02-17T15:37:31.973Z - GET /notifications
2026-02-17T15:37:58.455Z - GET /notifications
✅ Connected to PostgreSQL
2026-02-17T15:38:28.457Z - GET /notifications
✅ Connected to PostgreSQL
2026-02-17T15:38:31.958Z - GET /notifications
2026-02-17T15:38:58.457Z - GET /notifications
✅ Connected to PostgreSQL
2026-02-17T15:39:28.460Z - GET /notifications
✅ Connected to PostgreSQL
2026-02-17T15:39:31.963Z - GET /notifications
2026-02-17T15:39:58.468Z - GET /notifications
✅ Connected to PostgreSQL
2026-02-17T15:40:28.468Z - GET /notifications
✅ Connected to PostgreSQL
2026-02-17T15:40:31.971Z - GET /notifications
2026-02-17T15:40:58.458Z - GET /notifications
✅ Connected to PostgreSQL
2026-02-17T15:55:59.005Z - GET /notifications
Error: getaddrinfo ENOTFOUND aws-1-ap-south-1.pooler.supabase.com
    at C:\Users\sanma\Downloads\project_backup2updated\project_backup2updated\college_web\server\node_modules\pg-pool\index.js:45:11
    at process.processTicksAndRejections (node:internal/process/task_queues:105:5)
    at async C:\Users\sanma\Downloads\project_backup2updated\project_backup2updated\college_web\server\routes\notifications.js:9:24 {
  errno: -3008,
  code: 'ENOTFOUND',
  syscall: 'getaddrinfo',
  hostname: 'aws-1-ap-south-1.pooler.supabase.com'
}
2026-02-17T15:55:59.401Z - GET /notifications
Error: getaddrinfo ENOTFOUND aws-1-ap-south-1.pooler.supabase.com
    at C:\Users\sanma\Downloads\project_backup2updated\project_backup2updated\college_web\server\node_modules\pg-pool\index.js:45:11
    at process.processTicksAndRejections (node:internal/process/task_queues:105:5)
    at async C:\Users\sanma\Downloads\project_backup2updated\project_backup2updated\college_web\server\routes\notifications.js:9:24 {
  errno: -3008,
  code: 'ENOTFOUND',
  syscall: 'getaddrinfo',
  hostname: 'aws-1-ap-south-1.pooler.supabase.com'
}
2026-02-17T15:56:00.243Z - GET /notifications
2026-02-17T15:56:00.247Z - GET /teacher/class-strength?year=1&section=A&semester=1
2026-02-17T15:56:00.273Z - GET /teacher/subjects?semester=1
Error: getaddrinfo ENOTFOUND aws-1-ap-south-1.pooler.supabase.com
    at C:\Users\sanma\Downloads\project_backup2updated\project_backup2updated\college_web\server\node_modules\pg-pool\index.js:45:11
    at process.processTicksAndRejections (node:internal/process/task_queues:105:5)
    at async C:\Users\sanma\Downloads\project_backup2updated\project_backup2updated\college_web\server\routes\notifications.js:9:24 {
  errno: -3008,
  code: 'ENOTFOUND',
  syscall: 'getaddrinfo',
  hostname: 'aws-1-ap-south-1.pooler.supabase.com'
}
Error: getaddrinfo ENOTFOUND aws-1-ap-south-1.pooler.supabase.com
    at C:\Users\sanma\Downloads\project_backup2updated\project_backup2updated\college_web\server\node_modules\pg-pool\index.js:45:11
    at process.processTicksAndRejections (node:internal/process/task_queues:105:5)
    at async getTeacherId (C:\Users\sanma\Downloads\project_backup2updated\project_backup2updated\college_web\server\routes\teacher.js:14:24) {
  errno: -3008,
  code: 'ENOTFOUND',
  syscall: 'getaddrinfo',
  hostname: 'aws-1-ap-south-1.pooler.supabase.com'
}
Error: getaddrinfo ENOTFOUND aws-1-ap-south-1.pooler.supabase.com
    at C:\Users\sanma\Downloads\project_backup2updated\project_backup2updated\college_web\server\node_modules\pg-pool\index.js:45:11
    at process.processTicksAndRejections (node:internal/process/task_queues:105:5)
    at async getTeacherId (C:\Users\sanma\Downloads\project_backup2updated\project_backup2updated\college_web\server\routes\teacher.js:14:24) {
  errno: -3008,
  code: 'ENOTFOUND',
  syscall: 'getaddrinfo',
  hostname: 'aws-1-ap-south-1.pooler.supabase.com'
}
2026-02-17T15:56:07.997Z - GET /teacher/subjects?semester=1
2026-02-17T15:56:08.000Z - GET /teacher/class-strength?year=1&section=A&semester=1
✅ Connected to PostgreSQL
✅ Connected to PostgreSQL
^C